<?xml version="1.0" encoding="UTF-8"?>
<testng-results ignored="0" total="2" passed="2" failed="0" skipped="0">
  <reporter-output>
  </reporter-output>
  <suite started-at="2025-03-15T22:39:37 WIB" name="Surefire suite" finished-at="2025-03-15T22:40:17 WIB" duration-ms="40049">
    <groups>
    </groups>
    <test started-at="2025-03-15T22:39:37 WIB" name="Surefire test" finished-at="2025-03-15T22:40:17 WIB" duration-ms="40049">
      <class name="automation.StandAloneTestNGImpl2Test">
        <test-method is-config="true" signature="setUp()[pri:0, instance:automation.StandAloneTestNGImpl2Test@79ca92b9]" started-at="2025-03-15T22:39:37 WIB" name="setUp" finished-at="2025-03-15T22:39:46 WIB" duration-ms="9131" status="PASS">
          <reporter-output>
          </reporter-output>
        </test-method> <!-- setUp -->
        <test-method signature="createOrder(java.util.HashMap)[pri:0, instance:automation.StandAloneTestNGImpl2Test@79ca92b9]" started-at="2025-03-15T22:39:46 WIB" name="createOrder" data-provider="dataTestMapping" finished-at="2025-03-15T22:39:57 WIB" duration-ms="10207" status="PASS">
          <params>
            <param index="0">
              <value>
                <![CDATA[{password=Silaban99, email=patriciasilaban99@gmail.com, productName=ZARA COAT 3}]]>
              </value>
            </param>
          </params>
          <reporter-output>
          </reporter-output>
        </test-method> <!-- createOrder -->
        <test-method is-config="true" signature="tearDown()[pri:0, instance:automation.StandAloneTestNGImpl2Test@79ca92b9]" started-at="2025-03-15T22:39:57 WIB" name="tearDown" finished-at="2025-03-15T22:39:58 WIB" duration-ms="1698" status="PASS">
          <reporter-output>
          </reporter-output>
        </test-method> <!-- tearDown -->
      </class> <!-- automation.StandAloneTestNGImpl2Test -->
      <class name="automation.StandAloneTestNGImplTest">
        <test-method is-config="true" signature="setUp()[pri:0, instance:automation.StandAloneTestNGImplTest@45018215]" started-at="2025-03-15T22:39:58 WIB" name="setUp" finished-at="2025-03-15T22:40:07 WIB" duration-ms="8821" status="PASS">
          <reporter-output>
          </reporter-output>
        </test-method> <!-- setUp -->
        <test-method signature="createOrder(java.util.HashMap)[pri:0, instance:automation.StandAloneTestNGImplTest@45018215]" started-at="2025-03-15T22:40:07 WIB" name="createOrder" data-provider="dataTestMapping" finished-at="2025-03-15T22:40:17 WIB" duration-ms="9946" status="PASS">
          <params>
            <param index="0">
              <value>
                <![CDATA[{password=Silaban99, email=patriciasilaban99@gmail.com, productName=ZARA COAT 3}]]>
              </value>
            </param>
          </params>
          <reporter-output>
          </reporter-output>
        </test-method> <!-- createOrder -->
        <test-method is-config="true" signature="tearDown()[pri:0, instance:automation.StandAloneTestNGImplTest@45018215]" started-at="2025-03-15T22:40:17 WIB" name="tearDown" finished-at="2025-03-15T22:40:17 WIB" duration-ms="170" status="PASS">
          <reporter-output>
          </reporter-output>
        </test-method> <!-- tearDown -->
      </class> <!-- automation.StandAloneTestNGImplTest -->
    </test> <!-- Surefire test -->
  </suite> <!-- Surefire suite -->
</testng-results>
